<?xml version="1.0" encoding="UTF-8"?>
<!-- Generated by org.testng.reporters.JUnitReportReporter -->
<testsuite skipped="0" hostname="XAT-LAPTOP" name="extent.ExtentDemo" tests="2" failures="0" timestamp="26 Nov 2017 15:42:08 GMT" time="11.215" errors="0">
  <testcase name="TestCase2" time="3.348" classname="extent.ExtentDemo"/>
  <testcase name="TestCase1" time="7.867" classname="extent.ExtentDemo"/>
</testsuite> <!-- extent.ExtentDemo -->
